This is pdfTeX, Version 3.14159265-2.6-1.40.18 (MiKTeX 2.9.6600 64-bit) (preloaded format=pdflatex 2018.2.15)  16 NOV 2018 13:48
entering extended mode
**./systems.tex
(systems.tex
LaTeX2e <2017-04-15>
Babel <3.17> and hyphenation patterns for 75 language(s) loaded.
("C:\Program Files\MiKTeX 2.9\tex\latex\base\article.cls"
Document Class: article 2014/09/29 v1.4h Standard LaTeX document class
("C:\Program Files\MiKTeX 2.9\tex\latex\base\size10.clo"
File: size10.clo 2014/09/29 v1.4h Standard LaTeX file (size option)
)
\c@part=\count79
\c@section=\count80
\c@subsection=\count81
\c@subsubsection=\count82
\c@paragraph=\count83
\c@subparagraph=\count84
\c@figure=\count85
\c@table=\count86
\abovecaptionskip=\skip41
\belowcaptionskip=\skip42
\bibindent=\dimen102
)
("C:\Program Files\MiKTeX 2.9\tex\latex\geometry\geometry.sty"
Package: geometry 2010/09/12 v5.6 Page Geometry

("C:\Program Files\MiKTeX 2.9\tex\latex\graphics\keyval.sty"
Package: keyval 2014/10/28 v1.15 key=value parser (DPC)
\KV@toks@=\toks14
)
("C:\Program Files\MiKTeX 2.9\tex\generic\oberdiek\ifpdf.sty"
Package: ifpdf 2017/03/15 v3.2 Provides the ifpdf switch
)
("C:\Program Files\MiKTeX 2.9\tex\generic\oberdiek\ifvtex.sty"
Package: ifvtex 2016/05/16 v1.6 Detect VTeX and its facilities (HO)
Package ifvtex Info: VTeX not detected.
)
("C:\Program Files\MiKTeX 2.9\tex\generic\ifxetex\ifxetex.sty"
Package: ifxetex 2010/09/12 v0.6 Provides ifxetex conditional
)
\Gm@cnth=\count87
\Gm@cntv=\count88
\c@Gm@tempcnt=\count89
\Gm@bindingoffset=\dimen103
\Gm@wd@mp=\dimen104
\Gm@odd@mp=\dimen105
\Gm@even@mp=\dimen106
\Gm@layoutwidth=\dimen107
\Gm@layoutheight=\dimen108
\Gm@layouthoffset=\dimen109
\Gm@layoutvoffset=\dimen110
\Gm@dimlist=\toks15

("C:\Program Files\MiKTeX 2.9\tex\latex\geometry\geometry.cfg"))
("C:\Program Files\MiKTeX 2.9\tex\latex\amsmath\amsmath.sty"
Package: amsmath 2017/09/02 v2.17a AMS math features
\@mathmargin=\skip43

For additional information on amsmath, use the `?' option.
("C:\Program Files\MiKTeX 2.9\tex\latex\amsmath\amstext.sty"
Package: amstext 2000/06/29 v2.01 AMS text

("C:\Program Files\MiKTeX 2.9\tex\latex\amsmath\amsgen.sty"
File: amsgen.sty 1999/11/30 v2.0 generic functions
\@emptytoks=\toks16
\ex@=\dimen111
))
("C:\Program Files\MiKTeX 2.9\tex\latex\amsmath\amsbsy.sty"
Package: amsbsy 1999/11/29 v1.2d Bold Symbols
\pmbraise@=\dimen112
)
("C:\Program Files\MiKTeX 2.9\tex\latex\amsmath\amsopn.sty"
Package: amsopn 2016/03/08 v2.02 operator names
)
\inf@bad=\count90
LaTeX Info: Redefining \frac on input line 213.
\uproot@=\count91
\leftroot@=\count92
LaTeX Info: Redefining \overline on input line 375.
\classnum@=\count93
\DOTSCASE@=\count94
LaTeX Info: Redefining \ldots on input line 472.
LaTeX Info: Redefining \dots on input line 475.
LaTeX Info: Redefining \cdots on input line 596.
\Mathstrutbox@=\box26
\strutbox@=\box27
\big@size=\dimen113
LaTeX Font Info:    Redeclaring font encoding OML on input line 712.
LaTeX Font Info:    Redeclaring font encoding OMS on input line 713.
\macc@depth=\count95
\c@MaxMatrixCols=\count96
\dotsspace@=\muskip10
\c@parentequation=\count97
\dspbrk@lvl=\count98
\tag@help=\toks17
\row@=\count99
\column@=\count100
\maxfields@=\count101
\andhelp@=\toks18
\eqnshift@=\dimen114
\alignsep@=\dimen115
\tagshift@=\dimen116
\tagwidth@=\dimen117
\totwidth@=\dimen118
\lineht@=\dimen119
\@envbody=\toks19
\multlinegap=\skip44
\multlinetaggap=\skip45
\mathdisplay@stack=\toks20
LaTeX Info: Redefining \[ on input line 2817.
LaTeX Info: Redefining \] on input line 2818.
)
(C:\Users\mrsir\AppData\Roaming\MiKTeX\2.9\tex\latex\breqn\breqn.sty
(C:\Users\mrsir\AppData\Roaming\MiKTeX\2.9\tex\latex\l3kernel\expl3.sty
Package: expl3 2017/12/16 L3 programming layer (loader) 

(C:\Users\mrsir\AppData\Roaming\MiKTeX\2.9\tex\latex\l3kernel\expl3-code.tex
Package: expl3 2017/12/16 L3 programming layer (code)
\c_max_int=\count102
\l_tmpa_int=\count103
\l_tmpb_int=\count104
\g_tmpa_int=\count105
\g_tmpb_int=\count106
\g__intarray_font_int=\count107
\g__prg_map_int=\count108
\c_log_iow=\count109
\l_iow_line_count_int=\count110
\l__iow_line_target_int=\count111
\l__iow_one_indent_int=\count112
\l__iow_indent_int=\count113
\c_zero_dim=\dimen120
\c_max_dim=\dimen121
\l_tmpa_dim=\dimen122
\l_tmpb_dim=\dimen123
\g_tmpa_dim=\dimen124
\g_tmpb_dim=\dimen125
\c_zero_skip=\skip46
\c_max_skip=\skip47
\l_tmpa_skip=\skip48
\l_tmpb_skip=\skip49
\g_tmpa_skip=\skip50
\g_tmpb_skip=\skip51
\c_zero_muskip=\muskip11
\c_max_muskip=\muskip12
\l_tmpa_muskip=\muskip13
\l_tmpb_muskip=\muskip14
\g_tmpa_muskip=\muskip15
\g_tmpb_muskip=\muskip16
\l_keys_choice_int=\count114
\c__fp_leading_shift_int=\count115
\c__fp_middle_shift_int=\count116
\c__fp_trailing_shift_int=\count117
\c__fp_big_leading_shift_int=\count118
\c__fp_big_middle_shift_int=\count119
\c__fp_big_trailing_shift_int=\count120
\c__fp_Bigg_leading_shift_int=\count121
\c__fp_Bigg_middle_shift_int=\count122
\c__fp_Bigg_trailing_shift_int=\count123
\c__fp_rand_size_int=\count124
\c__fp_rand_four_int=\count125
\c__fp_rand_eight_int=\count126
\l__sort_length_int=\count127
\l__sort_min_int=\count128
\l__sort_top_int=\count129
\l__sort_max_int=\count130
\l__sort_true_max_int=\count131
\l__sort_block_int=\count132
\l__sort_begin_int=\count133
\l__sort_end_int=\count134
\l__sort_A_int=\count135
\l__sort_B_int=\count136
\l__sort_C_int=\count137
\l__tl_build_start_index_int=\count138
\l__tl_build_index_int=\count139
\l__tl_analysis_normal_int=\count140
\l__tl_analysis_index_int=\count141
\l__tl_analysis_nesting_int=\count142
\l__tl_analysis_type_int=\count143
\l__regex_internal_a_int=\count144
\l__regex_internal_b_int=\count145
\l__regex_internal_c_int=\count146
\l__regex_balance_int=\count147
\l__regex_group_level_int=\count148
\l__regex_mode_int=\count149
\c__regex_cs_in_class_mode_int=\count150
\c__regex_cs_mode_int=\count151
\l__regex_catcodes_int=\count152
\l__regex_default_catcodes_int=\count153
\c__regex_catcode_D_int=\count154
\c__regex_catcode_S_int=\count155
\c__regex_catcode_L_int=\count156
\c__regex_catcode_O_int=\count157
\c__regex_catcode_A_int=\count158
\c__regex_all_catcodes_int=\count159
\l__regex_show_lines_int=\count160
\l__regex_min_state_int=\count161
\l__regex_max_state_int=\count162
\l__regex_left_state_int=\count163
\l__regex_right_state_int=\count164
\l__regex_capturing_group_int=\count165
\l__regex_min_pos_int=\count166
\l__regex_max_pos_int=\count167
\l__regex_curr_pos_int=\count168
\l__regex_start_pos_int=\count169
\l__regex_success_pos_int=\count170
\l__regex_curr_char_int=\count171
\l__regex_curr_catcode_int=\count172
\l__regex_last_char_int=\count173
\l__regex_case_changed_char_int=\count174
\l__regex_curr_state_int=\count175
\l__regex_step_int=\count176
\l__regex_min_active_int=\count177
\l__regex_max_active_int=\count178
\l__regex_replacement_csnames_int=\count179
\l__regex_match_count_int=\count180
\l__regex_min_submatch_int=\count181
\l__regex_submatch_int=\count182
\l__regex_zeroth_submatch_int=\count183
\g__debug_trace_regex_int=\count184
\c_empty_box=\box28
\l_tmpa_box=\box29
\l_tmpb_box=\box30
\g_tmpa_box=\box31
\g_tmpb_box=\box32
\l__box_top_dim=\dimen126
\l__box_bottom_dim=\dimen127
\l__box_left_dim=\dimen128
\l__box_right_dim=\dimen129
\l__box_top_new_dim=\dimen130
\l__box_bottom_new_dim=\dimen131
\l__box_left_new_dim=\dimen132
\l__box_right_new_dim=\dimen133
\l__box_internal_box=\box33
\l__coffin_internal_box=\box34
\l__coffin_internal_dim=\dimen134
\l__coffin_offset_x_dim=\dimen135
\l__coffin_offset_y_dim=\dimen136
\l__coffin_x_dim=\dimen137
\l__coffin_y_dim=\dimen138
\l__coffin_x_prime_dim=\dimen139
\l__coffin_y_prime_dim=\dimen140
\c_empty_coffin=\box35
\l__coffin_aligned_coffin=\box36
\l__coffin_aligned_internal_coffin=\box37
\l_tmpa_coffin=\box38
\l_tmpb_coffin=\box39
\l__coffin_display_coffin=\box40
\l__coffin_display_coord_coffin=\box41
\l__coffin_display_pole_coffin=\box42
\l__coffin_display_offset_dim=\dimen141
\l__coffin_display_x_dim=\dimen142
\l__coffin_display_y_dim=\dimen143
\l__coffin_bounding_shift_dim=\dimen144
\l__coffin_left_corner_dim=\dimen145
\l__coffin_right_corner_dim=\dimen146
\l__coffin_bottom_corner_dim=\dimen147
\l__coffin_top_corner_dim=\dimen148
\l__coffin_scaled_total_height_dim=\dimen149
\l__coffin_scaled_width_dim=\dimen150
)
(C:\Users\mrsir\AppData\Roaming\MiKTeX\2.9\tex\latex\l3kernel\l3pdfmode.def
File: l3pdfmode.def 2017/03/18 v L3 Experimental driver: PDF mode
\l__driver_color_stack_int=\count185
\l__driver_tmp_box=\box43
))
Package: breqn 2018/09/14 v0.98f Breaking equations

(C:\Users\mrsir\AppData\Roaming\MiKTeX\2.9\tex\latex\breqn\flexisym.sty
Package: flexisym 2017/01/27 v0.98e Make math characters macros
LaTeX Info: Redefining \textprime on input line 300.
LaTeX Info: Redefining \not on input line 358.

(C:\Users\mrsir\AppData\Roaming\MiKTeX\2.9\tex\latex\breqn\cmbase.sym
File: cmbase.sym 2007/12/19 v0.92
LaTeX Info: Redefining \hbar on input line 325.
LaTeX Info: Redefining \surd on input line 327.
LaTeX Info: Redefining \angle on input line 335.
LaTeX Info: Redefining \neq on input line 336.
LaTeX Info: Redefining \mapsto on input line 337.
LaTeX Info: Redefining \cong on input line 338.
LaTeX Info: Redefining \notin on input line 341.
LaTeX Info: Redefining \rightleftharpoons on input line 342.
LaTeX Info: Redefining \doteq on input line 343.
LaTeX Info: Redefining \hookrightarrow on input line 344.
LaTeX Info: Redefining \hookleftarrow on input line 345.
LaTeX Info: Redefining \bowtie on input line 346.
LaTeX Info: Redefining \models on input line 347.
LaTeX Info: Redefining \Longrightarrow on input line 348.
LaTeX Info: Redefining \longrightarrow on input line 349.
LaTeX Info: Redefining \Longleftarrow on input line 350.
LaTeX Info: Redefining \longleftarrow on input line 351.
LaTeX Info: Redefining \longmapsto on input line 352.
LaTeX Info: Redefining \longleftrightarrow on input line 353.
LaTeX Info: Redefining \Longleftrightarrow on input line 354.
LaTeX Info: Redefining \cdots on input line 358.
LaTeX Info: Redefining \vdots on input line 361.
LaTeX Info: Redefining \ddots on input line 366.
)
(C:\Users\mrsir\AppData\Roaming\MiKTeX\2.9\tex\latex\breqn\mathstyle.sty
Package: mathstyle 2017/01/27 0.98e Tracking mathstyle implicitly
LaTeX Info: Redefining \displaystyle on input line 93.
LaTeX Info: Redefining \textstyle on input line 95.
LaTeX Info: Redefining \scriptstyle on input line 97.
LaTeX Info: Redefining \scriptscriptstyle on input line 99.
LaTeX Info: Redefining \genfrac on input line 145.
))
("C:\Program Files\MiKTeX 2.9\tex\latex\tools\calc.sty"
Package: calc 2014/10/28 v4.3 Infix arithmetic (KKT,FJ)
\calc@Acount=\count186
\calc@Bcount=\count187
\calc@Adimen=\dimen151
\calc@Bdimen=\dimen152
\calc@Askip=\skip52
\calc@Bskip=\skip53
LaTeX Info: Redefining \setlength on input line 80.
LaTeX Info: Redefining \addtolength on input line 81.
\calc@Ccount=\count188
\calc@Cskip=\skip54
)
\inf@bad=\count189
\maxint=\count190
\listwidth=\dimen153
\eqnumsep=\dimen154
\eqmargin=\dimen155
\eqlinespacing=\skip55
\eqlineskip=\skip56
\eqlineskiplimit=\dimen156
\eqbinoffset=\muskip17
\eqdelimoffset=\muskip18
\eqindentstep=\dimen157
\eqstyle=\toks21
\eqbreakdepth=\count191
\eqinterlinepenalty=\count192
\intereqpenalty=\count193
\intereqskip=\skip57
\prerelpenalty=\count194
\prebinoppenalty=\count195
\Dmedmuskip=\muskip19
\Dthickmuskip=\muskip20
\eqleftskip=\skip58
\eqrightskip=\skip59
\eq@vspan=\skip60
\eq@binoffset=\muskip21
\EQ@box=\box44
\EQ@copy=\box45
\EQ@numbox=\box46
\eq@wdNum=\dimen158
\GRP@numbox=\box47
\grp@wdNum=\dimen159
\eq@lines=\count196
\eq@curline=\count197
\eq@badness=\count198
\EQ@vims=\count199
\eq@dp=\dimen160
\eq@wdL=\dimen161
\eq@wdT=\dimen162
\eq@wdMin=\dimen163
\grp@wdL=\dimen164
\grp@wdR=\dimen165
\grp@wdT=\dimen166
\eq@wdRmax=\dimen167
\eq@firstht=\dimen168
\eq@wdCond=\dimen169
\eq@indentstep=\dimen170
\eq@linewidth=\dimen171
\grp@linewidth=\dimen172
\eq@hshift=\dimen173
\eq@given@sidespace=\dimen174
\mathindent=\dimen175
\eq@final@linecount=\count266
\eq@wdR=\dimen176
\EQ@continue=\toks22
\lr@level=\count267
\GRP@queue=\toks23
\GRP@box=\box48
\GRP@wholebox=\box49
\darraycolsep=\skip61
\cur@row=\count268
\cur@col=\count269
\conditionsep=\skip62
)
("C:\Program Files\MiKTeX 2.9\tex\latex\graphics\graphics.sty"
Package: graphics 2017/06/25 v1.2c Standard LaTeX Graphics (DPC,SPQR)

("C:\Program Files\MiKTeX 2.9\tex\latex\graphics\trig.sty"
Package: trig 2016/01/03 v1.10 sin cos tan (DPC)
)
("C:\Program Files\MiKTeX 2.9\tex\latex\graphics-cfg\graphics.cfg"
File: graphics.cfg 2016/06/04 v1.11 sample graphics configuration
)
Package graphics Info: Driver file: pdftex.def on input line 99.

("C:\Program Files\MiKTeX 2.9\tex\latex\graphics-def\pdftex.def"
File: pdftex.def 2018/01/08 v1.0l Graphics/color driver for pdftex
))
(C:\Users\mrsir\AppData\Roaming\MiKTeX\2.9\tex\latex\mathtools\mathtools.sty
Package: mathtools 2018/01/08 v1.21 mathematical typesetting tools

(C:\Users\mrsir\AppData\Roaming\MiKTeX\2.9\tex\latex\mathtools\mhsetup.sty
Package: mhsetup 2017/03/31 v1.3 programming setup (MH)
)
LaTeX Info: Thecontrolsequence`\('isalreadyrobust on input line 129.
LaTeX Info: Thecontrolsequence`\)'isalreadyrobust on input line 129.
LaTeX Info: Thecontrolsequence`\['isalreadyrobust on input line 129.
LaTeX Info: Thecontrolsequence`\]'isalreadyrobust on input line 129.
\g_MT_multlinerow_int=\count270
\l_MT_multwidth_dim=\dimen177
\origjot=\skip63
\l_MT_shortvdotswithinadjustabove_dim=\dimen178
\l_MT_shortvdotswithinadjustbelow_dim=\dimen179
\l_MT_above_intertext_sep=\dimen180
\l_MT_below_intertext_sep=\dimen181
\l_MT_above_shortintertext_sep=\dimen182
\l_MT_below_shortintertext_sep=\dimen183
)
(systems.aux)
\openout1 = `systems.aux'.

LaTeX Font Info:    Checking defaults for OML/cmm/m/it on input line 7.
LaTeX Font Info:    ... okay on input line 7.
LaTeX Font Info:    Checking defaults for T1/cmr/m/n on input line 7.
LaTeX Font Info:    ... okay on input line 7.
LaTeX Font Info:    Checking defaults for OT1/cmr/m/n on input line 7.
LaTeX Font Info:    ... okay on input line 7.
LaTeX Font Info:    Checking defaults for OMS/cmsy/m/n on input line 7.
LaTeX Font Info:    ... okay on input line 7.
LaTeX Font Info:    Checking defaults for OMX/cmex/m/n on input line 7.
LaTeX Font Info:    ... okay on input line 7.
LaTeX Font Info:    Checking defaults for U/cmr/m/n on input line 7.
LaTeX Font Info:    ... okay on input line 7.

*geometry* driver: auto-detecting
*geometry* detected driver: pdftex
*geometry* verbose mode - [ preamble ] result:
* driver: pdftex
* paper: <default>
* layout: <same size as paper>
* layoutoffset:(h,v)=(0.0pt,0.0pt)
* modes: 
* h-part:(L,W,R)=(36.135pt, 542.02501pt, 36.135pt)
* v-part:(T,H,B)=(36.135pt, 722.7pt, 36.135pt)
* \paperwidth=614.295pt
* \paperheight=794.96999pt
* \textwidth=542.02501pt
* \textheight=722.7pt
* \oddsidemargin=-36.135pt
* \evensidemargin=-36.135pt
* \topmargin=-73.135pt
* \headheight=12.0pt
* \headsep=25.0pt
* \topskip=10.0pt
* \footskip=30.0pt
* \marginparwidth=65.0pt
* \marginparsep=11.0pt
* \columnsep=10.0pt
* \skip\footins=9.0pt plus 4.0pt minus 2.0pt
* \hoffset=0.0pt
* \voffset=0.0pt
* \mag=1000
* \@twocolumnfalse
* \@twosidefalse
* \@mparswitchfalse
* \@reversemarginfalse
* (1in=72.27pt=25.4mm, 1cm=28.453pt)

(C:\Users\mrsir\AppData\Roaming\MiKTeX\2.9\tex\context\base\supp-pdf.mkii
[Loading MPS to PDF converter (version 2006.09.02).]
\scratchcounter=\count271
\scratchdimen=\dimen184
\scratchbox=\box50
\nofMPsegments=\count272
\nofMParguments=\count273
\everyMPshowfont=\toks24
\MPscratchCnt=\count274
\MPscratchDim=\dimen185
\MPnumerator=\count275
\makeMPintoPDFobject=\count276
\everyMPtoPDFconversion=\toks25
) ("C:\Program Files\MiKTeX 2.9\tex\latex\oberdiek\epstopdf-base.sty"
Package: epstopdf-base 2016/05/15 v2.6 Base part for package epstopdf

("C:\Program Files\MiKTeX 2.9\tex\generic\oberdiek\infwarerr.sty"
Package: infwarerr 2016/05/16 v1.4 Providing info/warning/error messages (HO)
)
("C:\Program Files\MiKTeX 2.9\tex\latex\oberdiek\grfext.sty"
Package: grfext 2016/05/16 v1.2 Manage graphics extensions (HO)

("C:\Program Files\MiKTeX 2.9\tex\generic\oberdiek\kvdefinekeys.sty"
Package: kvdefinekeys 2016/05/16 v1.4 Define keys (HO)

("C:\Program Files\MiKTeX 2.9\tex\generic\oberdiek\ltxcmds.sty"
Package: ltxcmds 2016/05/16 v1.23 LaTeX kernel commands for general use (HO)
)))
("C:\Program Files\MiKTeX 2.9\tex\latex\oberdiek\kvoptions.sty"
Package: kvoptions 2016/05/16 v3.12 Key value format for package options (HO)

("C:\Program Files\MiKTeX 2.9\tex\generic\oberdiek\kvsetkeys.sty"
Package: kvsetkeys 2016/05/16 v1.17 Key value parser (HO)

("C:\Program Files\MiKTeX 2.9\tex\generic\oberdiek\etexcmds.sty"
Package: etexcmds 2016/05/16 v1.6 Avoid name clashes with e-TeX commands (HO)

("C:\Program Files\MiKTeX 2.9\tex\generic\oberdiek\ifluatex.sty"
Package: ifluatex 2016/05/16 v1.4 Provides the ifluatex switch (HO)
Package ifluatex Info: LuaTeX not detected.
)
Package etexcmds Info: Could not find \expanded.
(etexcmds)             That can mean that you are not using pdfTeX 1.50 or
(etexcmds)             that some package has redefined \expanded.
(etexcmds)             In the latter case, load this package earlier.
)))
("C:\Program Files\MiKTeX 2.9\tex\generic\oberdiek\pdftexcmds.sty"
Package: pdftexcmds 2018/01/21 v0.26 Utility functions of pdfTeX for LuaTeX (HO
)
Package pdftexcmds Info: LuaTeX not detected.
Package pdftexcmds Info: \pdf@primitive is available.
Package pdftexcmds Info: \pdf@ifprimitive is available.
Package pdftexcmds Info: \pdfdraftmode found.
)
Package epstopdf-base Info: Redefining graphics rule for `.eps' on input line 4
38.
Package grfext Info: Graphics extension search list:
(grfext)             [.pdf,.png,.jpg,.mps,.jpeg,.jbig2,.jb2,.PDF,.PNG,.JPG,.JPE
G,.JBIG2,.JB2,.eps]
(grfext)             \AppendGraphicsExtensions on input line 456.
)
("C:\Program Files\MiKTeX 2.9\tex\latex\graphics\graphicx.sty"
Package: graphicx 2017/06/01 v1.1a Enhanced LaTeX Graphics (DPC,SPQR)
\Gin@req@height=\dimen186
\Gin@req@width=\dimen187
)
<sample_data/r0.pdf, id=1, 150.5625pt x 150.5625pt>
File: sample_data/r0.pdf Graphic file (type pdf)
<use sample_data/r0.pdf>
Package pdftex.def Info: sample_data/r0.pdf  used on input line 7.
(pdftex.def)             Requested size: 105.39302pt x 105.39302pt.
<sample_data/r1.pdf, id=2, 150.5625pt x 150.5625pt>
File: sample_data/r1.pdf Graphic file (type pdf)
<use sample_data/r1.pdf>
Package pdftex.def Info: sample_data/r1.pdf  used on input line 7.
(pdftex.def)             Requested size: 105.39302pt x 105.39302pt.
<sample_data/r10.pdf, id=3, 150.5625pt x 150.5625pt>
File: sample_data/r10.pdf Graphic file (type pdf)
<use sample_data/r10.pdf>
Package pdftex.def Info: sample_data/r10.pdf  used on input line 7.
(pdftex.def)             Requested size: 105.39302pt x 105.39302pt.
<sample_data/r11.pdf, id=4, 150.5625pt x 150.5625pt>
File: sample_data/r11.pdf Graphic file (type pdf)
<use sample_data/r11.pdf>
Package pdftex.def Info: sample_data/r11.pdf  used on input line 7.
(pdftex.def)             Requested size: 105.39302pt x 105.39302pt.
 [1

{C:/Users/mrsir/AppData/Local/MiKTeX/2.9/pdftex/config/pdftex.map} <./sample_da
ta/r0.pdf> <./sample_data/r1.pdf

pdfTeX warning: pdflatex.exe (file ./sample_data/r1.pdf): PDF inclusion: multip
le pdfs with page group included in a single page
> <./sample_data/r10.pdf

pdfTeX warning: pdflatex.exe (file ./sample_data/r10.pdf): PDF inclusion: multi
ple pdfs with page group included in a single page
>]
<sample_data/r2.pdf, id=20, 150.5625pt x 150.5625pt>
File: sample_data/r2.pdf Graphic file (type pdf)
<use sample_data/r2.pdf>
Package pdftex.def Info: sample_data/r2.pdf  used on input line 7.
(pdftex.def)             Requested size: 105.39302pt x 105.39302pt.
<sample_data/r3.pdf, id=21, 150.5625pt x 150.5625pt>
File: sample_data/r3.pdf Graphic file (type pdf)
<use sample_data/r3.pdf>
Package pdftex.def Info: sample_data/r3.pdf  used on input line 7.
(pdftex.def)             Requested size: 105.39302pt x 105.39302pt.
<sample_data/r4.pdf, id=22, 150.5625pt x 150.5625pt>
File: sample_data/r4.pdf Graphic file (type pdf)
<use sample_data/r4.pdf>
Package pdftex.def Info: sample_data/r4.pdf  used on input line 7.
(pdftex.def)             Requested size: 105.39302pt x 105.39302pt.
 [2 <./sample_data/r11.pdf> <./sample_data/r2.pdf

pdfTeX warning: pdflatex.exe (file ./sample_data/r2.pdf): PDF inclusion: multip
le pdfs with page group included in a single page
> <./sample_data/r3.pdf

pdfTeX warning: pdflatex.exe (file ./sample_data/r3.pdf): PDF inclusion: multip
le pdfs with page group included in a single page
>]
<sample_data/r5.pdf, id=30, 150.5625pt x 150.5625pt>
File: sample_data/r5.pdf Graphic file (type pdf)
<use sample_data/r5.pdf>
Package pdftex.def Info: sample_data/r5.pdf  used on input line 7.
(pdftex.def)             Requested size: 105.39302pt x 105.39302pt.
<sample_data/r6.pdf, id=31, 150.5625pt x 150.5625pt>
File: sample_data/r6.pdf Graphic file (type pdf)
<use sample_data/r6.pdf>
Package pdftex.def Info: sample_data/r6.pdf  used on input line 7.
(pdftex.def)             Requested size: 105.39302pt x 105.39302pt.
<sample_data/r7.pdf, id=32, 150.5625pt x 150.5625pt>
File: sample_data/r7.pdf Graphic file (type pdf)
<use sample_data/r7.pdf>
Package pdftex.def Info: sample_data/r7.pdf  used on input line 7.
(pdftex.def)             Requested size: 105.39302pt x 105.39302pt.
 [3 <./sample_data/r4.pdf> <./sample_data/r5.pdf

pdfTeX warning: pdflatex.exe (file ./sample_data/r5.pdf): PDF inclusion: multip
le pdfs with page group included in a single page
> <./sample_data/r6.pdf

pdfTeX warning: pdflatex.exe (file ./sample_data/r6.pdf): PDF inclusion: multip
le pdfs with page group included in a single page
>]
<sample_data/r8.pdf, id=40, 150.5625pt x 150.5625pt>
File: sample_data/r8.pdf Graphic file (type pdf)
<use sample_data/r8.pdf>
Package pdftex.def Info: sample_data/r8.pdf  used on input line 7.
(pdftex.def)             Requested size: 105.39302pt x 105.39302pt.
<sample_data/r9.pdf, id=41, 150.5625pt x 150.5625pt>
File: sample_data/r9.pdf Graphic file (type pdf)
<use sample_data/r9.pdf>
Package pdftex.def Info: sample_data/r9.pdf  used on input line 7.
(pdftex.def)             Requested size: 105.39302pt x 105.39302pt.
 [4 <./sample_data/r7.pdf> <./sample_data/r8.pdf

pdfTeX warning: pdflatex.exe (file ./sample_data/r8.pdf): PDF inclusion: multip
le pdfs with page group included in a single page
> <./sample_data/r9.pdf

pdfTeX warning: pdflatex.exe (file ./sample_data/r9.pdf): PDF inclusion: multip
le pdfs with page group included in a single page
>]
<sample_data/c0.pdf, id=49, 150.5625pt x 150.5625pt>
File: sample_data/c0.pdf Graphic file (type pdf)
<use sample_data/c0.pdf>
Package pdftex.def Info: sample_data/c0.pdf  used on input line 7.
(pdftex.def)             Requested size: 105.39302pt x 105.39302pt.
<sample_data/c1.pdf, id=50, 150.5625pt x 150.5625pt>
File: sample_data/c1.pdf Graphic file (type pdf)
<use sample_data/c1.pdf>
Package pdftex.def Info: sample_data/c1.pdf  used on input line 7.
(pdftex.def)             Requested size: 105.39302pt x 105.39302pt.
<sample_data/c2.pdf, id=51, 150.5625pt x 150.5625pt>
File: sample_data/c2.pdf Graphic file (type pdf)
<use sample_data/c2.pdf>
Package pdftex.def Info: sample_data/c2.pdf  used on input line 7.
(pdftex.def)             Requested size: 105.39302pt x 105.39302pt.
 [5 <./sample_data/c0.pdf> <./sample_data/c1.pdf

pdfTeX warning: pdflatex.exe (file ./sample_data/c1.pdf): PDF inclusion: multip
le pdfs with page group included in a single page
>]
<sample_data/c3.pdf, id=58, 150.5625pt x 150.5625pt>
File: sample_data/c3.pdf Graphic file (type pdf)
<use sample_data/c3.pdf>
Package pdftex.def Info: sample_data/c3.pdf  used on input line 7.
(pdftex.def)             Requested size: 105.39302pt x 105.39302pt.
<sample_data/c4.pdf, id=59, 150.5625pt x 150.5625pt>
File: sample_data/c4.pdf Graphic file (type pdf)
<use sample_data/c4.pdf>
Package pdftex.def Info: sample_data/c4.pdf  used on input line 7.
(pdftex.def)             Requested size: 105.39302pt x 105.39302pt.
 [6 <./sample_data/c2.pdf> <./sample_data/c3.pdf

pdfTeX warning: pdflatex.exe (file ./sample_data/c3.pdf): PDF inclusion: multip
le pdfs with page group included in a single page
> <./sample_data/c4.pdf

pdfTeX warning: pdflatex.exe (file ./sample_data/c4.pdf): PDF inclusion: multip
le pdfs with page group included in a single page
>]
<sample_data/c5.pdf, id=67, 150.5625pt x 150.5625pt>
File: sample_data/c5.pdf Graphic file (type pdf)
<use sample_data/c5.pdf>
Package pdftex.def Info: sample_data/c5.pdf  used on input line 7.
(pdftex.def)             Requested size: 105.39302pt x 105.39302pt.
<sample_data/c6.pdf, id=68, 150.5625pt x 150.5625pt>
File: sample_data/c6.pdf Graphic file (type pdf)
<use sample_data/c6.pdf>
Package pdftex.def Info: sample_data/c6.pdf  used on input line 7.
(pdftex.def)             Requested size: 105.39302pt x 105.39302pt.
<sample_data/r0Andc0Compact.pdf, id=69, 150.5625pt x 150.5625pt>
File: sample_data/r0Andc0Compact.pdf Graphic file (type pdf)
<use sample_data/r0Andc0Compact.pdf>
Package pdftex.def Info: sample_data/r0Andc0Compact.pdf  used on input line 7.
(pdftex.def)             Requested size: 105.39302pt x 105.39302pt.
 [7 <./sample_data/c5.pdf> <./sample_data/c6.pdf

pdfTeX warning: pdflatex.exe (file ./sample_data/c6.pdf): PDF inclusion: multip
le pdfs with page group included in a single page
>]
<sample_data/r1TOr6Andc1TOc3Compact.pdf, id=77, 150.5625pt x 150.5625pt>
File: sample_data/r1TOr6Andc1TOc3Compact.pdf Graphic file (type pdf)
<use sample_data/r1TOr6Andc1TOc3Compact.pdf>
Package pdftex.def Info: sample_data/r1TOr6Andc1TOc3Compact.pdf  used on input 
line 7.
(pdftex.def)             Requested size: 105.39302pt x 105.39302pt.
<sample_data/r7TOr11Andc4TOc6Compact.pdf, id=78, 150.5625pt x 150.5625pt>
File: sample_data/r7TOr11Andc4TOc6Compact.pdf Graphic file (type pdf)
<use sample_data/r7TOr11Andc4TOc6Compact.pdf>
Package pdftex.def Info: sample_data/r7TOr11Andc4TOc6Compact.pdf  used on input
 line 7.
(pdftex.def)             Requested size: 105.39302pt x 105.39302pt.
 [8 <./sample_data/r0Andc0Compact.pdf> <./sample_data/r1TOr6Andc1TOc3Compact.pd
f

pdfTeX warning: pdflatex.exe (file ./sample_data/r1TOr6Andc1TOc3Compact.pdf): P
DF inclusion: multiple pdfs with page group included in a single page
> <./sample_data/r7TOr11Andc4TOc6Compact.pdf

pdfTeX warning: pdflatex.exe (file ./sample_data/r7TOr11Andc4TOc6Compact.pdf): 
PDF inclusion: multiple pdfs with page group included in a single page
>] (systems.aux) ) 
Here is how much of TeX's memory you used:
 11655 strings out of 493303
 215776 string characters out of 3138856
 286603 words of memory out of 3000000
 15138 multiletter control sequences out of 15000+200000
 531331 words of font info for 26 fonts, out of 3000000 for 9000
 1141 hyphenation exceptions out of 8191
 41i,9n,35p,40932b,351s stack positions out of 5000i,500n,10000p,200000b,50000s
<C:/Program Files/MiKTeX 2.9/fonts/type1/public/amsfonts/cm/c
mbx12.pfb><C:/Program Files/MiKTeX 2.9/fonts/type1/public/amsfonts/cm/cmex10.pf
b><C:/Program Files/MiKTeX 2.9/fonts/type1/public/amsfonts/cm/cmmi10.pfb><C:/Pr
ogram Files/MiKTeX 2.9/fonts/type1/public/amsfonts/cm/cmr10.pfb><C:/Program Fil
es/MiKTeX 2.9/fonts/type1/public/amsfonts/cm/cmr7.pfb><C:/Program Files/MiKTeX 
2.9/fonts/type1/public/amsfonts/cm/cmsy10.pfb><C:/Program Files/MiKTeX 2.9/font
s/type1/public/amsfonts/cm/cmsy7.pfb>
Output written on systems.pdf (8 pages, 155605 bytes).
PDF statistics:
 109 PDF objects out of 1000 (max. 8388607)
 0 named destinations out of 1000 (max. 500000)
 111 words of extra memory for PDF output out of 10000 (max. 10000000)

